<?xml version="1.0" encoding="UTF-8"?>
<<<<<<< HEAD
<testsuite name="Cucumber" time="7.749" tests="2" skipped="0" failures="0" errors="0" timestamp="2025-03-15T16:30:50.061284700Z">
<testcase classname="Purchase the order from ecommerce" name="Purchase Item Positive Case" time="4.4">
=======
<testsuite name="Cucumber" time="7.143" tests="1" skipped="0" failures="1" errors="0" timestamp="2025-03-15T14:16:45.535273800Z">
<testcase classname="Purchase the order from ecommerce" name="Purchase Item Positive Case" time="6.907">
<failure type="java.lang.NullPointerException" message="Cannot invoke &quot;org.openqa.selenium.SearchContext.findElement(org.openqa.selenium.By)&quot; because &quot;this.searchContext&quot; is null">
<![CDATA[java.lang.NullPointerException: Cannot invoke "org.openqa.selenium.SearchContext.findElement(org.openqa.selenium.By)" because "this.searchContext" is null
	at org.openqa.selenium.support.pagefactory.DefaultElementLocator.findElement(DefaultElementLocator.java:68)
	at org.openqa.selenium.support.pagefactory.internal.LocatingElementHandler.invoke(LocatingElementHandler.java:38)
	at jdk.proxy2/jdk.proxy2.$Proxy25.sendKeys(Unknown Source)
	at com.selenium.pageobject.LoginPage.loginApplication(LoginPage.java:27)
	at stepdefinitions.StepDefinitions.userLogin(StepDefinitions.java:44)
	at âœ½.User Logged to website(file:///D:/kodingan%20sendiri/web_auto/selenium_afteroffice/src/test/resources/features/PurchaseItem.feature:7)
]]>
</failure>
>>>>>>> master
<system-out><![CDATA[
Given User Logged to website................................................passed
When User add item to Cart..................................................passed
And User checkout item......................................................passed
Then User will see message is displayed on confirmation page................passed
]]></system-out>
</testcase>
<testcase classname="Purchase the order from ecommerce" name="User Logout from saucedemo" time="3.041">
<system-out><![CDATA[
Given User Logged to website................................................passed
Then User Logout from website...............................................passed
]]></system-out>
</testcase>
</testsuite>
